<?xml version="1.0" encoding="UTF-8"?>
<!-- Generated by org.testng.reporters.JUnitReportReporter -->
<testsuite hostname="DESKTOP-GPRRRCM" failures="0" tests="10" name="testcases.ProductTests" time="7.872" errors="0" timestamp="2025-09-05T02:17:17 IST" skipped="0">
  <testcase classname="testcases.ProductTests" name="testGetLimitedProducts" time="0.485"/>
  <testcase classname="testcases.ProductTests" name="testGetProductsByCategory" time="0.634"/>
  <testcase classname="testcases.ProductTests" name="testGetSingleProductById" time="0.432"/>
  <testcase classname="testcases.ProductTests" name="testDeleteProduct" time="0.663"/>
  <testcase classname="testcases.ProductTests" name="testGetAllCategories" time="0.530"/>
  <testcase classname="testcases.ProductTests" name="testUpdateProduct" time="0.455"/>
  <testcase classname="testcases.ProductTests" name="testAddNewProduct" time="3.219"/>
  <testcase classname="testcases.ProductTests" name="testGetAllProducts" time="0.521"/>
  <testcase classname="testcases.ProductTests" name="testGetSortedProducts" time="0.474"/>
  <testcase classname="testcases.ProductTests" name="testGetSortedProductsAsc" time="0.459"/>
</testsuite> <!-- testcases.ProductTests -->
