<?xml version="1.0" encoding="UTF-8"?>
<!-- Generated by org.testng.reporters.JUnitReportReporter -->
<testsuite hostname="DESKTOP-GPRRRCM" failures="0" tests="8" name="testcases.UserTests" time="7.473" errors="0" timestamp="2025-09-05T02:17:17 IST" skipped="0">
  <testcase classname="testcases.UserTests" name="testAddNewUser" time="3.210"/>
  <testcase classname="testcases.UserTests" name="testGetUserByLimit" time="0.655"/>
  <testcase classname="testcases.UserTests" name="testUpdateUser" time="0.464"/>
  <testcase classname="testcases.UserTests" name="testGetAllUsers" time="0.716"/>
  <testcase classname="testcases.UserTests" name="testGetUserAscendingSorted" time="0.723"/>
  <testcase classname="testcases.UserTests" name="testGetUserDescendingSorted" time="0.578"/>
  <testcase classname="testcases.UserTests" name="testDeleteUser" time="0.561"/>
  <testcase classname="testcases.UserTests" name="testGetUserById" time="0.566"/>
</testsuite> <!-- testcases.UserTests -->
